<?xml version="1.0" encoding="UTF-8"?>
<!-- Generated by org.testng.reporters.JUnitReportReporter -->
<testsuite hostname="LAPTOP-43J3MGE8" failures="0" tests="4" name="myPackage.Sample" time="0.011" errors="0" timestamp="2022-12-30T14:15:19 IST" skipped="0">
  <testcase classname="myPackage.Sample" name="data" time="0.008"/>
  <system-out/>
  <testcase classname="myPackage.Sample" name="data" time="0.001"/>
  <system-out/>
  <testcase classname="myPackage.Sample" name="data" time="0.001"/>
  <system-out/>
  <testcase classname="myPackage.Sample" name="data" time="0.001"/>
  <system-out/>
</testsuite> <!-- myPackage.Sample -->
