<?xml version="1.0" encoding="UTF-8"?>
<!-- Generated by org.testng.reporters.JUnitReportReporter -->
<testsuite hostname="LAPTOP-43J3MGE8" failures="0" tests="1" name="com.sl.testLayer.TestClass" time="9.536" errors="0" timestamp="2023-03-25T17:23:32 IST" skipped="0">
  <testcase classname="com.sl.testLayer.TestClass" name="verifyBuyfunctionality" time="9.536"/>
  <system-out/>
</testsuite> <!-- com.sl.testLayer.TestClass -->
